<?xml version="1.0" encoding="UTF-8"?>
<!-- Generated by org.testng.reporters.JUnitXMLReporter -->
<testsuite hostname="W2K12-97" tests="1" failures="0" timestamp="6 Dec 2016 23:19:38 GMT" time="0.034" errors="0">
  <testcase name="@BeforeMethod setUp" time="0.0" classname="loginTest">
    <failure type="org.testng.TestNGException" message="
Parameter &amp;apos;url&amp;apos; is required by @Configuration on method setUp but has not been marked @Optional or defined
">
      <![CDATA[org.testng.TestNGException: 
Parameter 'url' is required by @Configuration on method setUp but has not been marked @Optional or defined

... Removed 32 stack frames]]>
    </failure>
  </testcase> <!-- @BeforeMethod setUp -->
  <testcase name="@AfterMethod cleanUp" time="0.0" classname="loginTest">
    <skipped/>
  </testcase> <!-- @AfterMethod cleanUp -->
  <testcase name="Test" time="0.0" classname="loginTest">
    <skipped/>
  </testcase> <!-- Test -->
</testsuite>
